Environment variables:
  - Apple_PubSub_Socket_Render=/private/tmp/com.apple.launchd.VAYzaHSfcs/Render
  - HOME=/Users/yonatanmolla
  - INIT_CWD=/Users/yonatanmolla/Documents/Workspace2/musicStore/zRecord
  - JAVA_ARCH=x86_64
  - JAVA_MAIN_CLASS_36611=org.sonarsource.scanner.cli.Main
  - LANG=en_US.UTF-8
  - LC_CTYPE=en_US.UTF-8
  - LESS=-R
  - LOGNAME=yoni
  - LSCOLORS=Gxfxcxdxbxegedabagacad
  - PAGER=less
  - PATH=/usr/bin:/bin:/usr/sbin:/sbin:/usr/local/bin:/usr/local/share/dotnet:/Library/Frameworks/Mono.framework/Versions/Current/Commands
  - PWD=/Users/yonatanmolla/Documents/Workspace2/musicStore/zRecord
  - SHELL=/bin/zsh
  - SHLVL=2
  - SSH_AUTH_SOCK=/private/tmp/com.apple.launchd.8TUGSMUvoo/Listeners
  - TERM=xterm-256color
  - TERM_PROGRAM=Apple_Terminal
  - TERM_PROGRAM_VERSION=388.1
  - TERM_SESSION_ID=6C5F0AC4-272B-4805-BD74-8861E3F9F9A7
  - TMPDIR=/var/folders/qc/59yg1rr56r1_q83x48mml5bc0000gn/T/
  - USER=yoni
  - XPC_FLAGS=0x0
  - XPC_SERVICE_NAME=0
  - ZSH=/Users/yonatanmolla/.oh-my-zsh
  - _=/usr/bin/java
  - __CF_USER_TEXT_ENCODING=0x1F5:0x0:0x0
  - com.apple.java.jvmTask=CommandLine
System properties:
  - awt.toolkit=sun.lwawt.macosx.LWCToolkit
  - file.encoding=UTF-8
  - file.encoding.pkg=sun.io
  - file.separator=/
  - ftp.nonProxyHosts=local|*.local|169.254/16|*.169.254/16
  - gopherProxySet=false
  - http.nonProxyHosts=local|*.local|169.254/16|*.169.254/16
  - java.awt.graphicsenv=sun.awt.CGraphicsEnvironment
  - java.awt.printerjob=sun.lwawt.macosx.CPrinterJob
  - java.class.path=/Users/yonatanmolla/Documents/Workspace2/musicStore/zRecord/node_modules/gulp-sonar/sonar-scanner-2.8/lib/sonar-scanner-cli-2.8.jar
  - java.class.version=52.0
  - java.endorsed.dirs=/Library/Java/JavaVirtualMachines/jdk1.8.0_111.jdk/Contents/Home/jre/lib/endorsed
  - java.ext.dirs=/Users/yonatanmolla/Library/Java/Extensions:/Library/Java/JavaVirtualMachines/jdk1.8.0_111.jdk/Contents/Home/jre/lib/ext:/Library/Java/Extensions:/Network/Library/Java/Extensions:/System/Library/Java/Extensions:/usr/lib/java
  - java.home=/Library/Java/JavaVirtualMachines/jdk1.8.0_111.jdk/Contents/Home/jre
  - java.io.tmpdir=/var/folders/qc/59yg1rr56r1_q83x48mml5bc0000gn/T/
  - java.library.path=/Users/yonatanmolla/Library/Java/Extensions:/Library/Java/Extensions:/Network/Library/Java/Extensions:/System/Library/Java/Extensions:/usr/lib/java:.
  - java.runtime.name=Java(TM) SE Runtime Environment
  - java.runtime.version=1.8.0_111-b14
  - java.specification.name=Java Platform API Specification
  - java.specification.vendor=Oracle Corporation
  - java.specification.version=1.8
  - java.vendor=Oracle Corporation
  - java.vendor.url=http://java.oracle.com/
  - java.vendor.url.bug=http://bugreport.sun.com/bugreport/
  - java.version=1.8.0_111
  - java.vm.info=mixed mode
  - java.vm.name=Java HotSpot(TM) 64-Bit Server VM
  - java.vm.specification.name=Java Virtual Machine Specification
  - java.vm.specification.vendor=Oracle Corporation
  - java.vm.specification.version=1.8
  - java.vm.vendor=Oracle Corporation
  - java.vm.version=25.111-b14
  - line.separator=

  - os.arch=x86_64
  - os.name=Mac OS X
  - os.version=10.12.4
  - path.separator=:
  - socksNonProxyHosts=local|*.local|169.254/16|*.169.254/16
  - sun.arch.data.model=64
  - sun.boot.class.path=/Library/Java/JavaVirtualMachines/jdk1.8.0_111.jdk/Contents/Home/jre/lib/resources.jar:/Library/Java/JavaVirtualMachines/jdk1.8.0_111.jdk/Contents/Home/jre/lib/rt.jar:/Library/Java/JavaVirtualMachines/jdk1.8.0_111.jdk/Contents/Home/jre/lib/sunrsasign.jar:/Library/Java/JavaVirtualMachines/jdk1.8.0_111.jdk/Contents/Home/jre/lib/jsse.jar:/Library/Java/JavaVirtualMachines/jdk1.8.0_111.jdk/Contents/Home/jre/lib/jce.jar:/Library/Java/JavaVirtualMachines/jdk1.8.0_111.jdk/Contents/Home/jre/lib/charsets.jar:/Library/Java/JavaVirtualMachines/jdk1.8.0_111.jdk/Contents/Home/jre/lib/jfr.jar:/Library/Java/JavaVirtualMachines/jdk1.8.0_111.jdk/Contents/Home/jre/classes
  - sun.boot.library.path=/Library/Java/JavaVirtualMachines/jdk1.8.0_111.jdk/Contents/Home/jre/lib
  - sun.cpu.endian=little
  - sun.cpu.isalist=
  - sun.io.unicode.encoding=UnicodeBig
  - sun.java.command=/Users/yonatanmolla/Documents/Workspace2/musicStore/zRecord/node_modules/gulp-sonar/sonar-scanner-2.8/lib/sonar-scanner-cli-2.8.jar -X -Drunner.home=/Users/yonatanmolla/Documents/Workspace2/musicStore/zRecord/node_modules/gulp-sonar/sonar-scanner-2.8 -Dproject.settings=/Users/yonatanmolla/Documents/Workspace2/musicStore/zRecord/node_modules/gulp-sonar/sonar-scanner-2.8/conf/sonar-scanner.properties
  - sun.java.launcher=SUN_STANDARD
  - sun.jnu.encoding=UTF-8
  - sun.management.compiler=HotSpot 64-Bit Tiered Compilers
  - sun.os.patch.level=unknown
  - user.country=US
  - user.dir=/Users/yonatanmolla/Documents/Workspace2/musicStore/zRecord
  - user.home=/Users/yonatanmolla
  - user.language=en
  - user.name=yoni
  - user.timezone=America/New_York
SonarQube plugins:
  - C# 5.7.0.612 (csharp)
  - Python 1.7.0.1195 (python)
  - Java 4.5.0.8398 (java)
  - Flex 2.3 (flex)
  - Git 1.2 (scmgit)
  - PHP 2.9.2.1744 (php)
  - SVN 1.4.0.522 (scmsvn)
  - SonarJS 2.20.0.4207 (javascript)
  - ESLint 0.1.1 (eslintplugin)
Global properties:
  - sonar.core.id=AVv0_qoBvv_Gd3Fc_tnH
  - sonar.core.startTime=2017-05-29T23:07:08-0400
Settings for module: zRecord
  - sonar.host.url=http://localhost:9000
  - sonar.javascript.lcov.reportPath=/Users/yonatanmolla/Documents/Workspace2/musicStore/zRecord/src/main/webapp/WEB-INF/resources/js/lcov.info
  - sonar.language=js
  - sonar.projectBaseDir=/Users/yonatanmolla/Documents/Workspace2/musicStore/zRecord
  - sonar.projectKey=zRecord
  - sonar.projectName=zRecord
  - sonar.projectVersion=1.0.0
  - sonar.sourceEncoding=UTF-8
  - sonar.sources=/Users/yonatanmolla/Documents/Workspace2/musicStore/zRecord/src/main/webapp/WEB-INF/resources/js/controller.js
  - sonar.verbose=true
  - sonar.working.directory=/Users/yonatanmolla/Documents/Workspace2/musicStore/zRecord/.sonar
